<?xml version="1.0" encoding="UTF-8"?>
<testsuite xmlns:xsi="http://www.w3.org/2001/XMLSchema-instance" xsi:noNamespaceSchemaLocation="https://maven.apache.org/surefire/maven-surefire-plugin/xsd/surefire-test-report.xsd" name="com.springdemo.example.AppTest" time="0.022" tests="1" errors="0" skipped="0" failures="0">
  <properties>
    <property name="sun.desktop" value="windows"/>
    <property name="awt.toolkit" value="sun.awt.windows.WToolkit"/>
    <property name="file.encoding.pkg" value="sun.io"/>
    <property name="java.specification.version" value="1.8"/>
    <property name="sun.cpu.isalist" value="amd64"/>
    <property name="sun.jnu.encoding" value="MS932"/>
    <property name="java.class.path" value="D:\work\pleiades\workspace\ToDo\target\test-classes;D:\work\pleiades\workspace\ToDo\target\classes;D:\work\java\apache-maven-3.8.4\repository\junit\junit\4.11\junit-4.11.jar;D:\work\java\apache-maven-3.8.4\repository\org\hamcrest\hamcrest-core\1.3\hamcrest-core-1.3.jar;D:\work\java\apache-maven-3.8.4\repository\mysql\mysql-connector-java\8.0.23\mysql-connector-java-8.0.23.jar;D:\work\java\apache-maven-3.8.4\repository\com\google\protobuf\protobuf-java\3.11.4\protobuf-java-3.11.4.jar;D:\work\java\apache-maven-3.8.4\repository\org\mybatis\spring\boot\mybatis-spring-boot-starter\2.1.4\mybatis-spring-boot-starter-2.1.4.jar;D:\work\java\apache-maven-3.8.4\repository\org\springframework\boot\spring-boot-starter\2.4.0\spring-boot-starter-2.4.0.jar;D:\work\java\apache-maven-3.8.4\repository\org\springframework\boot\spring-boot\2.4.0\spring-boot-2.4.0.jar;D:\work\java\apache-maven-3.8.4\repository\org\springframework\spring-context\5.3.1\spring-context-5.3.1.jar;D:\work\java\apache-maven-3.8.4\repository\org\springframework\spring-aop\5.3.1\spring-aop-5.3.1.jar;D:\work\java\apache-maven-3.8.4\repository\org\springframework\spring-expression\5.3.1\spring-expression-5.3.1.jar;D:\work\java\apache-maven-3.8.4\repository\org\springframework\boot\spring-boot-autoconfigure\2.4.0\spring-boot-autoconfigure-2.4.0.jar;D:\work\java\apache-maven-3.8.4\repository\org\springframework\boot\spring-boot-starter-logging\2.4.0\spring-boot-starter-logging-2.4.0.jar;D:\work\java\apache-maven-3.8.4\repository\ch\qos\logback\logback-classic\1.2.3\logback-classic-1.2.3.jar;D:\work\java\apache-maven-3.8.4\repository\ch\qos\logback\logback-core\1.2.3\logback-core-1.2.3.jar;D:\work\java\apache-maven-3.8.4\repository\org\apache\logging\log4j\log4j-to-slf4j\2.13.3\log4j-to-slf4j-2.13.3.jar;D:\work\java\apache-maven-3.8.4\repository\org\apache\logging\log4j\log4j-api\2.13.3\log4j-api-2.13.3.jar;D:\work\java\apache-maven-3.8.4\repository\org\slf4j\jul-to-slf4j\1.7.30\jul-to-slf4j-1.7.30.jar;D:\work\java\apache-maven-3.8.4\repository\jakarta\annotation\jakarta.annotation-api\1.3.5\jakarta.annotation-api-1.3.5.jar;D:\work\java\apache-maven-3.8.4\repository\org\springframework\spring-core\5.3.1\spring-core-5.3.1.jar;D:\work\java\apache-maven-3.8.4\repository\org\springframework\spring-jcl\5.3.1\spring-jcl-5.3.1.jar;D:\work\java\apache-maven-3.8.4\repository\org\yaml\snakeyaml\1.27\snakeyaml-1.27.jar;D:\work\java\apache-maven-3.8.4\repository\org\springframework\boot\spring-boot-starter-jdbc\2.4.0\spring-boot-starter-jdbc-2.4.0.jar;D:\work\java\apache-maven-3.8.4\repository\com\zaxxer\HikariCP\3.4.5\HikariCP-3.4.5.jar;D:\work\java\apache-maven-3.8.4\repository\org\slf4j\slf4j-api\1.7.25\slf4j-api-1.7.25.jar;D:\work\java\apache-maven-3.8.4\repository\org\springframework\spring-jdbc\5.3.1\spring-jdbc-5.3.1.jar;D:\work\java\apache-maven-3.8.4\repository\org\springframework\spring-beans\5.3.1\spring-beans-5.3.1.jar;D:\work\java\apache-maven-3.8.4\repository\org\springframework\spring-tx\5.3.1\spring-tx-5.3.1.jar;D:\work\java\apache-maven-3.8.4\repository\org\mybatis\spring\boot\mybatis-spring-boot-autoconfigure\2.1.4\mybatis-spring-boot-autoconfigure-2.1.4.jar;D:\work\java\apache-maven-3.8.4\repository\org\mybatis\mybatis\3.5.6\mybatis-3.5.6.jar;D:\work\java\apache-maven-3.8.4\repository\org\mybatis\mybatis-spring\2.0.6\mybatis-spring-2.0.6.jar;D:\work\java\apache-maven-3.8.4\repository\org\springframework\boot\spring-boot-starter-validation\2.6.3\spring-boot-starter-validation-2.6.3.jar;D:\work\java\apache-maven-3.8.4\repository\org\apache\tomcat\embed\tomcat-embed-el\9.0.56\tomcat-embed-el-9.0.56.jar;D:\work\java\apache-maven-3.8.4\repository\org\hibernate\validator\hibernate-validator\6.2.0.Final\hibernate-validator-6.2.0.Final.jar;D:\work\java\apache-maven-3.8.4\repository\jakarta\validation\jakarta.validation-api\2.0.2\jakarta.validation-api-2.0.2.jar;D:\work\java\apache-maven-3.8.4\repository\org\jboss\logging\jboss-logging\3.4.1.Final\jboss-logging-3.4.1.Final.jar;D:\work\java\apache-maven-3.8.4\repository\com\fasterxml\classmate\1.5.1\classmate-1.5.1.jar;D:\work\java\apache-maven-3.8.4\repository\org\flywaydb\flyway-core\8.5.2\flyway-core-8.5.2.jar;"/>
    <property name="java.vm.vendor" value="Oracle Corporation"/>
    <property name="sun.arch.data.model" value="64"/>
    <property name="user.variant" value=""/>
    <property name="java.vendor.url" value="http://java.oracle.com/"/>
    <property name="user.timezone" value="Asia/Tokyo"/>
    <property name="java.vm.specification.version" value="1.8"/>
    <property name="os.name" value="Windows 10"/>
    <property name="user.country" value="JP"/>
    <property name="sun.java.launcher" value="SUN_STANDARD"/>
    <property name="sun.boot.library.path" value="D:\work\pleiades\java\8\jre\bin"/>
    <property name="sun.java.command" value="C:\Users\tom\AppData\Local\Temp\surefire8296681560581486762\surefirebooter1771339999087276114.jar C:\Users\tom\AppData\Local\Temp\surefire8296681560581486762 2022-03-11T18-54-24_761-jvmRun1 surefire6876761463391229482tmp surefire_07236882327921900912tmp"/>
    <property name="surefire.test.class.path" value="D:\work\pleiades\workspace\ToDo\target\test-classes;D:\work\pleiades\workspace\ToDo\target\classes;D:\work\java\apache-maven-3.8.4\repository\junit\junit\4.11\junit-4.11.jar;D:\work\java\apache-maven-3.8.4\repository\org\hamcrest\hamcrest-core\1.3\hamcrest-core-1.3.jar;D:\work\java\apache-maven-3.8.4\repository\mysql\mysql-connector-java\8.0.23\mysql-connector-java-8.0.23.jar;D:\work\java\apache-maven-3.8.4\repository\com\google\protobuf\protobuf-java\3.11.4\protobuf-java-3.11.4.jar;D:\work\java\apache-maven-3.8.4\repository\org\mybatis\spring\boot\mybatis-spring-boot-starter\2.1.4\mybatis-spring-boot-starter-2.1.4.jar;D:\work\java\apache-maven-3.8.4\repository\org\springframework\boot\spring-boot-starter\2.4.0\spring-boot-starter-2.4.0.jar;D:\work\java\apache-maven-3.8.4\repository\org\springframework\boot\spring-boot\2.4.0\spring-boot-2.4.0.jar;D:\work\java\apache-maven-3.8.4\repository\org\springframework\spring-context\5.3.1\spring-context-5.3.1.jar;D:\work\java\apache-maven-3.8.4\repository\org\springframework\spring-aop\5.3.1\spring-aop-5.3.1.jar;D:\work\java\apache-maven-3.8.4\repository\org\springframework\spring-expression\5.3.1\spring-expression-5.3.1.jar;D:\work\java\apache-maven-3.8.4\repository\org\springframework\boot\spring-boot-autoconfigure\2.4.0\spring-boot-autoconfigure-2.4.0.jar;D:\work\java\apache-maven-3.8.4\repository\org\springframework\boot\spring-boot-starter-logging\2.4.0\spring-boot-starter-logging-2.4.0.jar;D:\work\java\apache-maven-3.8.4\repository\ch\qos\logback\logback-classic\1.2.3\logback-classic-1.2.3.jar;D:\work\java\apache-maven-3.8.4\repository\ch\qos\logback\logback-core\1.2.3\logback-core-1.2.3.jar;D:\work\java\apache-maven-3.8.4\repository\org\apache\logging\log4j\log4j-to-slf4j\2.13.3\log4j-to-slf4j-2.13.3.jar;D:\work\java\apache-maven-3.8.4\repository\org\apache\logging\log4j\log4j-api\2.13.3\log4j-api-2.13.3.jar;D:\work\java\apache-maven-3.8.4\repository\org\slf4j\jul-to-slf4j\1.7.30\jul-to-slf4j-1.7.30.jar;D:\work\java\apache-maven-3.8.4\repository\jakarta\annotation\jakarta.annotation-api\1.3.5\jakarta.annotation-api-1.3.5.jar;D:\work\java\apache-maven-3.8.4\repository\org\springframework\spring-core\5.3.1\spring-core-5.3.1.jar;D:\work\java\apache-maven-3.8.4\repository\org\springframework\spring-jcl\5.3.1\spring-jcl-5.3.1.jar;D:\work\java\apache-maven-3.8.4\repository\org\yaml\snakeyaml\1.27\snakeyaml-1.27.jar;D:\work\java\apache-maven-3.8.4\repository\org\springframework\boot\spring-boot-starter-jdbc\2.4.0\spring-boot-starter-jdbc-2.4.0.jar;D:\work\java\apache-maven-3.8.4\repository\com\zaxxer\HikariCP\3.4.5\HikariCP-3.4.5.jar;D:\work\java\apache-maven-3.8.4\repository\org\slf4j\slf4j-api\1.7.25\slf4j-api-1.7.25.jar;D:\work\java\apache-maven-3.8.4\repository\org\springframework\spring-jdbc\5.3.1\spring-jdbc-5.3.1.jar;D:\work\java\apache-maven-3.8.4\repository\org\springframework\spring-beans\5.3.1\spring-beans-5.3.1.jar;D:\work\java\apache-maven-3.8.4\repository\org\springframework\spring-tx\5.3.1\spring-tx-5.3.1.jar;D:\work\java\apache-maven-3.8.4\repository\org\mybatis\spring\boot\mybatis-spring-boot-autoconfigure\2.1.4\mybatis-spring-boot-autoconfigure-2.1.4.jar;D:\work\java\apache-maven-3.8.4\repository\org\mybatis\mybatis\3.5.6\mybatis-3.5.6.jar;D:\work\java\apache-maven-3.8.4\repository\org\mybatis\mybatis-spring\2.0.6\mybatis-spring-2.0.6.jar;D:\work\java\apache-maven-3.8.4\repository\org\springframework\boot\spring-boot-starter-validation\2.6.3\spring-boot-starter-validation-2.6.3.jar;D:\work\java\apache-maven-3.8.4\repository\org\apache\tomcat\embed\tomcat-embed-el\9.0.56\tomcat-embed-el-9.0.56.jar;D:\work\java\apache-maven-3.8.4\repository\org\hibernate\validator\hibernate-validator\6.2.0.Final\hibernate-validator-6.2.0.Final.jar;D:\work\java\apache-maven-3.8.4\repository\jakarta\validation\jakarta.validation-api\2.0.2\jakarta.validation-api-2.0.2.jar;D:\work\java\apache-maven-3.8.4\repository\org\jboss\logging\jboss-logging\3.4.1.Final\jboss-logging-3.4.1.Final.jar;D:\work\java\apache-maven-3.8.4\repository\com\fasterxml\classmate\1.5.1\classmate-1.5.1.jar;D:\work\java\apache-maven-3.8.4\repository\org\flywaydb\flyway-core\8.5.2\flyway-core-8.5.2.jar;"/>
    <property name="sun.cpu.endian" value="little"/>
    <property name="user.home" value="C:\Users\tom"/>
    <property name="user.language" value="ja"/>
    <property name="java.specification.vendor" value="Oracle Corporation"/>
    <property name="java.home" value="D:\work\pleiades\java\8\jre"/>
    <property name="basedir" value="D:\work\pleiades\workspace\ToDo"/>
    <property name="file.separator" value="\"/>
    <property name="line.separator" value="&#10;"/>
    <property name="java.vm.specification.vendor" value="Oracle Corporation"/>
    <property name="java.specification.name" value="Java Platform API Specification"/>
    <property name="java.awt.graphicsenv" value="sun.awt.Win32GraphicsEnvironment"/>
    <property name="surefire.real.class.path" value="C:\Users\tom\AppData\Local\Temp\surefire8296681560581486762\surefirebooter1771339999087276114.jar"/>
    <property name="sun.boot.class.path" value="D:\work\pleiades\java\8\jre\lib\resources.jar;D:\work\pleiades\java\8\jre\lib\rt.jar;D:\work\pleiades\java\8\jre\lib\sunrsasign.jar;D:\work\pleiades\java\8\jre\lib\jsse.jar;D:\work\pleiades\java\8\jre\lib\jce.jar;D:\work\pleiades\java\8\jre\lib\charsets.jar;D:\work\pleiades\java\8\jre\lib\jfr.jar;D:\work\pleiades\java\8\jre\classes"/>
    <property name="user.script" value=""/>
    <property name="sun.management.compiler" value="HotSpot 64-Bit Tiered Compilers"/>
    <property name="java.runtime.version" value="1.8.0_202-b08"/>
    <property name="user.name" value="tom"/>
    <property name="path.separator" value=";"/>
    <property name="os.version" value="10.0"/>
    <property name="java.endorsed.dirs" value="D:\work\pleiades\java\8\jre\lib\endorsed"/>
    <property name="java.runtime.name" value="Java(TM) SE Runtime Environment"/>
    <property name="file.encoding" value="MS932"/>
    <property name="java.vm.name" value="Java HotSpot(TM) 64-Bit Server VM"/>
    <property name="localRepository" value="D:\work\java\apache-maven-3.8.4\repository"/>
    <property name="java.vendor.url.bug" value="http://bugreport.sun.com/bugreport/"/>
    <property name="java.io.tmpdir" value="C:\Users\tom\AppData\Local\Temp\"/>
    <property name="java.version" value="1.8.0_202"/>
    <property name="user.dir" value="D:\work\pleiades\workspace\ToDo"/>
    <property name="os.arch" value="amd64"/>
    <property name="java.vm.specification.name" value="Java Virtual Machine Specification"/>
    <property name="java.awt.printerjob" value="sun.awt.windows.WPrinterJob"/>
    <property name="sun.os.patch.level" value=""/>
    <property name="java.library.path" value="D:\work\pleiades\java\8\jre\bin;C:\WINDOWS\Sun\Java\bin;C:\WINDOWS\system32;C:\WINDOWS;D:/work/pleiades/eclipse/jre/bin/server;D:/work/pleiades/eclipse/jre/bin;C:\Program Files\Common Files\Oracle\Java\javapath;C:\Program Files (x86)\Common Files\Oracle\Java\javapath;C:\Program Files (x86)\Razer Chroma SDK\bin;C:\Program Files\Razer Chroma SDK\bin;C:\Program Files (x86)\Intel\iCLS Client\;C:\Program Files\Intel\iCLS Client\;C:\Windows\system32;C:\Windows;C:\Windows\System32\Wbem;C:\Windows\System32\WindowsPowerShell\v1.0\;C:\Program Files\Intel\Intel(R) Management Engine Components\DAL;C:\Program Files (x86)\Intel\Intel(R) Management Engine Components\DAL;C:\Program Files\Intel\Intel(R) Management Engine Components\IPT;C:\Program Files (x86)\Intel\Intel(R) Management Engine Components\IPT;C:\Program Files (x86)\NVIDIA Corporation\PhysX\Common;C:\Program Files\Microsoft SQL Server\130\Tools\Binn\;C:\Program Files\dotnet\;C:\Program Files\NVIDIA Corporation\NVIDIA NvDLISR;C:\WINDOWS\system32;C:\WINDOWS;C:\WINDOWS\System32\Wbem;C:\WINDOWS\System32\WindowsPowerShell\v1.0\;C:\WINDOWS\System32\OpenSSH\;C:\Program Files\MySQL\MySQL Server 8.0\bin;D:\work\java\apache-maven-3.8.4\bin;C:\Program Files\Java\jdk-17.0.2\bin;C:\Program Files\Git\cmd;C:\Program Files\TortoiseGit\bin;C:\Program Files\MySQL\MySQL Shell 8.0\bin\;C:\Ruby26-x64\bin;C:\Users\tom\AppData\Local\Microsoft\WindowsApps;;C:\Users\tom\AppData\Local\Programs\Microsoft VS Code\bin;C:\Users\tom\.dotnet\tools;D:\work\pleiades\eclipse;;."/>
    <property name="java.vm.info" value="mixed mode"/>
    <property name="java.vendor" value="Oracle Corporation"/>
    <property name="java.vm.version" value="25.202-b08"/>
    <property name="java.ext.dirs" value="D:\work\pleiades\java\8\jre\lib\ext;C:\WINDOWS\Sun\Java\lib\ext"/>
    <property name="sun.io.unicode.encoding" value="UnicodeLittle"/>
    <property name="java.class.version" value="52.0"/>
  </properties>
  <testcase name="shouldAnswerWithTrue" classname="com.springdemo.example.AppTest" time="0.001"/>
</testsuite>